<?xml version="1.0" encoding="UTF-8"?>
<!-- Generated by org.testng.reporters.JUnitXMLReporter -->
<testsuite ignored="8" hostname="DESKTOP-H3BL2K3" failures="0" tests="5" name="Test" time="239.705" errors="0" timestamp="2024-01-25T11:51:38 IST">
  <testcase classname="ResponsiveEDUserManagementTestScript.UserManagementDropDwnHandle" name="UserManagementAllDropDwnHandle" time="19.747"/>
  <testcase classname="ResponsiveEDUserManagementTestScript.SearchForAParticularUser" name="SearchForParticularUser" time="34.36"/>
  <testcase classname="ResponsiveEDUserManagementTestScript.CreateUser" name="CreateNewUSer" time="46.666"/>
  <testcase classname="ResponsiveEDUserManagementTestScript.EditParticularUserDetails" name="EditParticularUser" time="43.907"/>
  <testcase classname="ResponsiveEDUserManagementTestScript.viewParticularUserDetails" name="viewUserDetails" time="40.135"/>
  <testcase classname="ResponsiveEDGenericUtility.BaseClass" name="@AfterSuite closeconnectionwithdatabase" time="0.0">
    <ignored/>
  </testcase> <!-- @AfterSuite closeconnectionwithdatabase -->
  <testcase classname="ResponsiveEDGenericUtility.BaseClass" name="@AfterSuite closeconnectionwithdatabase" time="0.0">
    <ignored/>
  </testcase> <!-- @AfterSuite closeconnectionwithdatabase -->
  <testcase classname="ResponsiveEDGenericUtility.BaseClass" name="@AfterSuite closeconnectionwithdatabase" time="0.0">
    <ignored/>
  </testcase> <!-- @AfterSuite closeconnectionwithdatabase -->
  <testcase classname="ResponsiveEDGenericUtility.BaseClass" name="@AfterSuite closeconnectionwithdatabase" time="0.0">
    <ignored/>
  </testcase> <!-- @AfterSuite closeconnectionwithdatabase -->
  <testcase classname="ResponsiveEDGenericUtility.BaseClass" name="@BeforeSuite connectionwithdatabase" time="0.0">
    <ignored/>
  </testcase> <!-- @BeforeSuite connectionwithdatabase -->
  <testcase classname="ResponsiveEDGenericUtility.BaseClass" name="@BeforeSuite connectionwithdatabase" time="0.0">
    <ignored/>
  </testcase> <!-- @BeforeSuite connectionwithdatabase -->
  <testcase classname="ResponsiveEDGenericUtility.BaseClass" name="@BeforeSuite connectionwithdatabase" time="0.0">
    <ignored/>
  </testcase> <!-- @BeforeSuite connectionwithdatabase -->
  <testcase classname="ResponsiveEDGenericUtility.BaseClass" name="@BeforeSuite connectionwithdatabase" time="0.0">
    <ignored/>
  </testcase> <!-- @BeforeSuite connectionwithdatabase -->
</testsuite> <!-- Test -->
